"../../../Engine/Content/EngineMaterials/T_Default_Material_Grid_M.uasset" 0
"../../../Engine/Content/EngineMaterials/T_Default_Material_Grid_M.ubulk" 1
"../../../Engine/Content/EngineMaterials/T_Default_Material_Grid_M.uexp" 2
"../../../Engine/Content/EngineMaterials/T_Default_Material_Grid_N.uasset" 3
"../../../Engine/Content/EngineMaterials/T_Default_Material_Grid_N.uexp" 4
"../../../Engine/Content/EngineMaterials/T_Default_Material_Grid_N.ubulk" 5
"../../../Engine/Content/Functions/Engine_MaterialFunctions01/Opacity/CameraDepthFade.uexp" 6
"../../../Engine/Content/Functions/Engine_MaterialFunctions01/Opacity/CameraDepthFade.uasset" 7
"../../../Engine/Content/EngineMaterials/DefaultMaterial.uasset" 8
"../../../Engine/Content/EngineMaterials/DefaultMaterial.uexp" 9
"../../../Engine/Content/BasicShapes/Sphere.uexp" 10
"../../../Engine/Content/BasicShapes/Sphere.uasset" 11
"../../../Engine/Content/EngineMaterials/WorldGridMaterial.uexp" 12
"../../../Engine/Content/EngineMaterials/WorldGridMaterial.uasset" 13
"../../../Engine/Content/BasicShapes/Plane.uasset" 14
"../../../Engine/Content/BasicShapes/Plane.uexp" 15
"../../../Engine/Content/BasicShapes/Cylinder.uasset" 16
"../../../Engine/Content/BasicShapes/Cylinder.uexp" 17
"../../../Engine/Content/BasicShapes/Cube.uasset" 18
"../../../Engine/Content/BasicShapes/Cube.uexp" 19
"../../../Engine/Content/ArtTools/RenderToTexture/Meshes/S_1_Unit_Plane.uexp" 20
"../../../Engine/Content/ArtTools/RenderToTexture/Meshes/S_1_Unit_Plane.uasset" 21
"/Users/ara12405/Documents/Unreal Projects/sample_project/Plugins/ArcGISMapsSDK/Content/Materials/TerrainOcclusionParameters.uexp" 22
"/Users/ara12405/Documents/Unreal Projects/sample_project/Plugins/ArcGISMapsSDK/Content/Materials/TerrainOcclusionParameters.uasset" 23
"/Users/ara12405/Documents/Unreal Projects/sample_project/Plugins/ArcGISMapsSDK/Content/Materials/GetTileNearestUVPositions.uexp" 24
"/Users/ara12405/Documents/Unreal Projects/sample_project/Plugins/ArcGISMapsSDK/Content/Materials/GetTileNearestUVPositions.uasset" 25
"/Users/ara12405/Documents/Unreal Projects/sample_project/Plugins/ArcGISMapsSDK/Content/Materials/DefaultPositionsMap.uexp" 26
"/Users/ara12405/Documents/Unreal Projects/sample_project/Plugins/ArcGISMapsSDK/Content/Materials/DefaultPositionsMap.uasset" 27
"/Users/ara12405/Documents/Unreal Projects/sample_project/Plugins/ArcGISMapsSDK/Content/Materials/GetTileOffset.uasset" 28
"/Users/ara12405/Documents/Unreal Projects/sample_project/Plugins/ArcGISMapsSDK/Content/Materials/GetTileOffset.uexp" 29
"/Users/ara12405/Documents/Unreal Projects/sample_project/Plugins/ArcGISMapsSDK/Content/Materials/DefaultTerrainOcclusionMap.uasset" 30
"/Users/ara12405/Documents/Unreal Projects/sample_project/Plugins/ArcGISMapsSDK/Content/Materials/DefaultTerrainOcclusionMap.uexp" 31
"/Users/ara12405/Documents/Unreal Projects/sample_project/Plugins/ArcGISMapsSDK/Content/Materials/DefaultTileNormalMap.uasset" 32
"/Users/ara12405/Documents/Unreal Projects/sample_project/Plugins/ArcGISMapsSDK/Content/Materials/DefaultTileNormalMap.uexp" 33
"/Users/ara12405/Documents/Unreal Projects/sample_project/Plugins/ArcGISMapsSDK/Content/Materials/DefaultTileImageryMap.uexp" 34
"/Users/ara12405/Documents/Unreal Projects/sample_project/Plugins/ArcGISMapsSDK/Content/Materials/DefaultTileImageryMap.ubulk" 35
"/Users/ara12405/Documents/Unreal Projects/sample_project/Plugins/ArcGISMapsSDK/Content/Materials/DefaultTileImageryMap.uasset" 36
"../../../Engine/Content/Functions/Engine_MaterialFunctions02/Utility/VectorLength.uexp" 37
"../../../Engine/Content/Functions/Engine_MaterialFunctions02/Utility/VectorLength.uasset" 38
"../../../Engine/Content/Functions/Engine_MaterialFunctions02/WorldPositionOffset/LocalPosition.uexp" 39
"../../../Engine/Content/Functions/Engine_MaterialFunctions02/WorldPositionOffset/LocalPosition.uasset" 40
"../../../Engine/Content/Functions/Engine_MaterialFunctions02/Utility/BreakOutFloat2Components.uasset" 41
"../../../Engine/Content/Functions/Engine_MaterialFunctions02/Utility/BreakOutFloat2Components.uexp" 42
"../../../Engine/Content/Functions/Engine_MaterialFunctions02/Utility/BreakOutFloat3Components.uasset" 43
"../../../Engine/Content/Functions/Engine_MaterialFunctions02/Utility/BreakOutFloat3Components.uexp" 44
"/Users/ara12405/Documents/Unreal Projects/sample_project/Plugins/ArcGISMapsSDK/Content/Materials/GetVertexClippingMask.uasset" 45
"/Users/ara12405/Documents/Unreal Projects/sample_project/Plugins/ArcGISMapsSDK/Content/Materials/GetVertexClippingMask.uexp" 46
"/Users/ara12405/Documents/Unreal Projects/sample_project/Plugins/ArcGISMapsSDK/Content/Materials/Tile.uexp" 47
"/Users/ara12405/Documents/Unreal Projects/sample_project/Plugins/ArcGISMapsSDK/Content/Materials/Tile.uasset" 48
"../../../Engine/Content/EngineMaterials/Good64x64TilingNoiseHighFreq.uasset" 49
"../../../Engine/Content/EngineMaterials/Good64x64TilingNoiseHighFreq.uexp" 50
"../../../Engine/Content/Functions/Engine_MaterialFunctions02/Texturing/ScreenAlignedPixelToPixelUVs.uasset" 51
"../../../Engine/Content/Functions/Engine_MaterialFunctions02/Texturing/ScreenAlignedPixelToPixelUVs.uexp" 52
"../../../Engine/Content/Functions/Engine_MaterialFunctions02/Utility/DitherTemporalAA.uexp" 53
"../../../Engine/Content/Functions/Engine_MaterialFunctions02/Utility/DitherTemporalAA.uasset" 54
"/Users/ara12405/Documents/Unreal Projects/sample_project/Plugins/ArcGISMapsSDK/Content/Materials/DefaultSceneNodeBaseMap.uexp" 55
"/Users/ara12405/Documents/Unreal Projects/sample_project/Plugins/ArcGISMapsSDK/Content/Materials/DefaultSceneNodeBaseMap.uasset" 56
"/Users/ara12405/Documents/Unreal Projects/sample_project/Plugins/ArcGISMapsSDK/Content/Materials/SceneNode.uasset" 57
"/Users/ara12405/Documents/Unreal Projects/sample_project/Plugins/ArcGISMapsSDK/Content/Materials/SceneNode.uexp" 58
"../../../Engine/Content/EditorMaterials/MAT_Groups_Visibility.uasset" 59
"../../../Engine/Content/EditorMaterials/MAT_Groups_Visibility.uexp" 60
"../../../Engine/Content/EditorMaterials/MAT_Groups_Toggle.uexp" 61
"../../../Engine/Content/EditorMaterials/MAT_Groups_Toggle.uasset" 62
"../../../Engine/Content/EditorMaterials/PreviewShadowIndicator.uasset" 63
"../../../Engine/Content/EditorMaterials/PreviewShadowIndicator.uexp" 64
"../../../Engine/Content/EditorMaterials/PreviewShadowIndicator.ubulk" 65
"../../../Engine/Content/EditorMaterials/PreviewShadowIndicatorMaterial.uasset" 66
"../../../Engine/Content/EditorMaterials/PreviewShadowIndicatorMaterial.uexp" 67
"../../../Engine/Content/EditorLandscapeResources/DefaultAlphaTexture.uexp" 68
"../../../Engine/Content/EditorLandscapeResources/DefaultAlphaTexture.uasset" 69
"../../../Engine/Content/EditorMaterials/MatineeGroups/MAT_Groups_Slomo.uexp" 70
"../../../Engine/Content/EditorMaterials/MatineeGroups/MAT_Groups_Slomo.uasset" 71
"../../../Engine/Content/EditorMaterials/MatineeGroups/MAT_Groups_Anim.uexp" 72
"../../../Engine/Content/EditorMaterials/MatineeGroups/MAT_Groups_Anim.uasset" 73
"../../../Engine/Content/EditorMaterials/MatineeGroups/MAT_Groups_Fade.uexp" 74
"../../../Engine/Content/EditorMaterials/MatineeGroups/MAT_Groups_Fade.uasset" 75
"../../../Engine/Content/EditorMaterials/MatineeGroups/MAT_Groups_Event.uexp" 76
"../../../Engine/Content/EditorMaterials/MatineeGroups/MAT_Groups_Event.uasset" 77
"../../../Engine/Content/EditorMaterials/MatineeGroups/MAT_Groups_Move.uasset" 78
"../../../Engine/Content/EditorMaterials/MatineeGroups/MAT_Groups_Move.uexp" 79
"../../../Engine/Content/EditorMaterials/MatineeGroups/MAT_Groups_Director.uasset" 80
"../../../Engine/Content/EditorMaterials/MatineeGroups/MAT_Groups_Director.uexp" 81
"../../../Engine/Content/EditorMaterials/MatineeGroups/MAT_Groups_Float.uasset" 82
"../../../Engine/Content/EditorMaterials/MatineeGroups/MAT_Groups_Float.uexp" 83
"../../../Engine/Content/EditorMaterials/ParticleSystems/PSysThumbnail_OOD.ubulk" 84
"../../../Engine/Content/EditorMaterials/ParticleSystems/PSysThumbnail_OOD.uexp" 85
"../../../Engine/Content/EditorMaterials/ParticleSystems/PSysThumbnail_OOD.uasset" 86
"../../../Engine/Content/EditorMaterials/ParticleSystems/PSysThumbnail_NoImage.ubulk" 87
"../../../Engine/Content/EditorMaterials/ParticleSystems/PSysThumbnail_NoImage.uexp" 88
"../../../Engine/Content/EditorMaterials/ParticleSystems/PSysThumbnail_NoImage.uasset" 89
"../../../Engine/Content/EditorMaterials/MatineeGroups/MAT_Groups_Sound.uasset" 90
"../../../Engine/Content/EditorMaterials/MatineeGroups/MAT_Groups_Sound.uexp" 91
"../../../Engine/Content/EditorMaterials/MatineeGroups/MAT_Groups_AudioMaster.uasset" 92
"../../../Engine/Content/EditorMaterials/MatineeGroups/MAT_Groups_AudioMaster.uexp" 93
"../../../Engine/Content/EditorMaterials/MatineeGroups/MAT_ColorTrack.uasset" 94
"../../../Engine/Content/EditorMaterials/MatineeGroups/MAT_ColorTrack.uexp" 95
"../../../Engine/Content/EditorMaterials/MatineeGroups/MAT_Groups_Vector.uasset" 96
"../../../Engine/Content/EditorMaterials/MatineeGroups/MAT_Groups_Vector.uexp" 97
"../../../Engine/Content/EditorLandscapeResources/DataLayer.uasset" 98
"../../../Engine/Content/EditorLandscapeResources/DataLayer.uexp" 99
"../../../Engine/Content/Functions/Engine_MaterialFunctions02/Utility/MakeFloat4.uexp" 100
"../../../Engine/Content/Functions/Engine_MaterialFunctions02/Utility/MakeFloat4.uasset" 101
"../../../Engine/Content/Functions/Engine_MaterialFunctions02/Utility/MakeFloat3.uexp" 102
"../../../Engine/Content/Functions/Engine_MaterialFunctions02/Utility/MakeFloat3.uasset" 103
"../../../Engine/Content/EditorMaterials/WorldPartition/WorldPartitionSpatialHashGridPreviewMaterial.uexp" 104
"../../../Engine/Content/EditorMaterials/WorldPartition/WorldPartitionSpatialHashGridPreviewMaterial.uasset" 105
"../../../Engine/Content/EditorMaterials/Camera/CineMat.uasset" 106
"../../../Engine/Content/EditorMaterials/Camera/CineMat.uexp" 107
"../../../Engine/Content/EditorMaterials/Camera/MI_CineMat_Rig.uasset" 108
"../../../Engine/Content/EditorMaterials/Camera/MI_CineMat_Rig.uexp" 109
"../../../Engine/Content/EditorMeshes/Camera/SM_RailRig_Track.uexp" 110
"../../../Engine/Content/EditorMeshes/Camera/SM_RailRig_Track.uasset" 111
"../../../Engine/Content/EditorMeshes/Camera/SM_CraneRig_Arm.uexp" 112
"../../../Engine/Content/EditorMeshes/Camera/SM_CraneRig_Arm.uasset" 113
"../../../Engine/Content/EditorMeshes/Camera/SM_CraneRig_Mount.uexp" 114
"../../../Engine/Content/EditorMeshes/Camera/SM_CraneRig_Mount.uasset" 115
"../../../Engine/Content/EditorMeshes/Camera/SM_CraneRig_Base.uexp" 116
"../../../Engine/Content/EditorMeshes/Camera/SM_CraneRig_Base.uasset" 117
"../../../Engine/Content/EditorMeshes/Camera/SM_RailRig_Mount.uexp" 118
"../../../Engine/Content/EditorMeshes/Camera/SM_RailRig_Mount.uasset" 119
"../../../Engine/Content/EditorMeshes/Camera/SM_CraneRig_Body.uasset" 120
"../../../Engine/Content/EditorMeshes/Camera/SM_CraneRig_Body.uexp" 121
"../../../Engine/Content/EditorResources/BSPVertex.uexp" 122
"../../../Engine/Content/EditorResources/BSPVertex.uasset" 123
"../../../Engine/Content/EditorResources/EmptyActor.uexp" 124
"../../../Engine/Content/EditorResources/EmptyActor.uasset" 125
"../../../Engine/Content/EditorResources/S_Actor.uexp" 126
"../../../Engine/Content/EditorResources/S_Actor.ubulk" 127
"../../../Engine/Content/EditorResources/S_Actor.uasset" 128
"../../../Engine/Content/EditorResources/S_Trigger.uexp" 129
"../../../Engine/Content/EditorResources/S_Trigger.ubulk" 130
"../../../Engine/Content/EditorResources/S_Trigger.uasset" 131
"../../../Engine/Content/EditorResources/S_Terrain.uasset" 132
"../../../Engine/Content/EditorResources/S_Terrain.uexp" 133
"../../../Engine/Content/EditorResources/S_Terrain.ubulk" 134
"../../../Engine/Content/EditorResources/S_Solver.uasset" 135
"../../../Engine/Content/EditorResources/S_Solver.uexp" 136
"../../../Engine/Content/EditorResources/S_Solver.ubulk" 137
"../../../Engine/Content/EditorResources/S_TriggerCapsule.uexp" 138
"../../../Engine/Content/EditorResources/S_TriggerCapsule.uasset" 139
"../../../Engine/Content/EditorResources/S_BoxReflectionCapture.uasset" 140
"../../../Engine/Content/EditorResources/S_BoxReflectionCapture.uexp" 141
"../../../Engine/Content/EditorResources/S_TriggerBox.uexp" 142
"../../../Engine/Content/EditorResources/S_TriggerBox.uasset" 143
"../../../Engine/Content/EditorResources/S_TriggerSphere.uasset" 144
"../../../Engine/Content/EditorResources/S_TriggerSphere.uexp" 145
"../../../Engine/Content/EditorResources/LightIcons/S_LightError.uasset" 146
"../../../Engine/Content/EditorResources/LightIcons/S_LightError.uexp" 147
"../../../Engine/Content/EditorResources/SequenceRecorder/RecordingIndicator.uexp" 148
"../../../Engine/Content/EditorResources/SequenceRecorder/RecordingIndicator.uasset" 149
"../../../Engine/Content/EditorResources/SequenceRecorder/Countdown.uasset" 150
"../../../Engine/Content/EditorResources/SequenceRecorder/Countdown.uexp" 151
"../../../Engine/Content/EngineDamageTypes/DmgTypeBP_Environmental.uasset" 152
"../../../Engine/Content/EngineDamageTypes/DmgTypeBP_Environmental.uexp" 153
"../../../Engine/Content/EngineDebugMaterials/DebugMeshMaterial.uexp" 154
"../../../Engine/Content/EngineDebugMaterials/DebugMeshMaterial.uasset" 155
"../../../Engine/Content/EngineDebugMaterials/M_SimpleUnlitTranslucent.uexp" 156
"../../../Engine/Content/EngineDebugMaterials/M_SimpleUnlitTranslucent.uasset" 157
"../../../Engine/Content/Functions/Engine_MaterialFunctions02/Utility/CameraDirectionVector.uexp" 158
"../../../Engine/Content/Functions/Engine_MaterialFunctions02/Utility/CameraDirectionVector.uasset" 159
"../../../Engine/Content/EngineDebugMaterials/VolumeToRender.uexp" 160
"../../../Engine/Content/EngineDebugMaterials/VolumeToRender.uasset" 161
"../../../Engine/Content/EngineDebugMaterials/M_VolumeRenderSphereTracePP.uexp" 162
"../../../Engine/Content/EngineDebugMaterials/M_VolumeRenderSphereTracePP.uasset" 163
"../../../Engine/Content/EngineDebugMaterials/DebugEditorMaterial.uasset" 164
"../../../Engine/Content/EngineDebugMaterials/DebugEditorMaterial.uexp" 165
"../../../Engine/Content/EngineFonts/Faces/RobotoLight.ufont" 166
"../../../Engine/Content/EngineFonts/Faces/RobotoLight.uasset" 167
"../../../Engine/Content/EngineFonts/Faces/RobotoLight.uexp" 168
"../../../Engine/Content/EngineFonts/Faces/RobotoBold.ufont" 169
"../../../Engine/Content/EngineFonts/Faces/RobotoBold.uasset" 170
"../../../Engine/Content/EngineFonts/Faces/RobotoBold.uexp" 171
"../../../Engine/Content/EngineFonts/Faces/RobotoRegular.uasset" 172
"../../../Engine/Content/EngineFonts/Faces/RobotoRegular.uexp" 173
"../../../Engine/Content/EngineFonts/Faces/RobotoRegular.ufont" 174
"../../../Engine/Content/EngineFonts/Faces/DroidSansFallback.uasset" 175
"../../../Engine/Content/EngineFonts/Faces/DroidSansFallback.ufont" 176
"../../../Engine/Content/EngineFonts/Faces/DroidSansFallback.uexp" 177
"../../../Engine/Content/EngineFonts/Faces/RobotoItalic.ufont" 178
"../../../Engine/Content/EngineFonts/Faces/RobotoItalic.uasset" 179
"../../../Engine/Content/EngineFonts/Faces/RobotoItalic.uexp" 180
"../../../Engine/Content/EngineFonts/Faces/RobotoBoldItalic.uasset" 181
"../../../Engine/Content/EngineFonts/Faces/RobotoBoldItalic.uexp" 182
"../../../Engine/Content/EngineFonts/Faces/RobotoBoldItalic.ufont" 183
"../../../Engine/Content/EngineFonts/Roboto.uasset" 184
"../../../Engine/Content/EngineFonts/Roboto.uexp" 185
"../../../Engine/Content/EngineMeshes/Sphere.uexp" 186
"../../../Engine/Content/EngineMeshes/Sphere.uasset" 187
"../../../Engine/Content/EngineMaterials/DefaultWhiteGrid.ubulk" 188
"../../../Engine/Content/EngineMaterials/DefaultWhiteGrid.uexp" 189
"../../../Engine/Content/EngineMaterials/DefaultWhiteGrid.uasset" 190
"../../../Engine/Content/EngineMaterials/MiniFont.uexp" 191
"../../../Engine/Content/EngineMaterials/MiniFont.uasset" 192
"../../../Engine/Content/EngineMaterials/DefaultLightFunctionMaterial.uasset" 193
"../../../Engine/Content/EngineMaterials/DefaultLightFunctionMaterial.uexp" 194
"../../../Engine/Content/EngineMaterials/DefaultBokeh.uexp" 195
"../../../Engine/Content/EngineMaterials/DefaultBokeh.uasset" 196
"../../../Engine/Content/EngineResources/WhiteSquareTexture.uexp" 197
"../../../Engine/Content/EngineResources/WhiteSquareTexture.uasset" 198
"../../../Engine/Content/EngineMaterials/Widget3DPassThrough.uexp" 199
"../../../Engine/Content/EngineMaterials/Widget3DPassThrough.uasset" 200
"../../../Engine/Content/EngineMaterials/Widget3DPassThrough_Opaque.uasset" 201
"../../../Engine/Content/EngineMaterials/Widget3DPassThrough_Opaque.uexp" 202
"../../../Engine/Content/EngineMaterials/Widget3DPassThrough_Opaque_OneSided.uasset" 203
"../../../Engine/Content/EngineMaterials/Widget3DPassThrough_Opaque_OneSided.uexp" 204
"../../../Engine/Content/EngineMaterials/PreintegratedSkinBRDF.uexp" 205
"../../../Engine/Content/EngineMaterials/PreintegratedSkinBRDF.uasset" 206
"../../../Engine/Content/EngineFonts/RobotoDistanceField.uexp" 207
"../../../Engine/Content/EngineFonts/RobotoDistanceField.uasset" 208
"../../../Engine/Content/EngineMaterials/DefaultTextMaterialOpaque.uexp" 209
"../../../Engine/Content/EngineMaterials/DefaultTextMaterialOpaque.uasset" 210
"../../../Engine/Content/EngineMaterials/InvalidLightmapSettings.ubulk" 211
"../../../Engine/Content/EngineMaterials/InvalidLightmapSettings.uasset" 212
"../../../Engine/Content/EngineMaterials/InvalidLightmapSettings.uexp" 213
"../../../Engine/Content/EngineMaterials/M_InvalidLightmapSettings.uexp" 214
"../../../Engine/Content/EngineMaterials/M_InvalidLightmapSettings.uasset" 215
"../../../Engine/Content/EngineMaterials/BaseFlattenEmissiveMap_VT.uexp" 216
"../../../Engine/Content/EngineMaterials/BaseFlattenEmissiveMap_VT.uasset" 217
"../../../Engine/Content/EngineMaterials/BaseFlattenGrayscaleMap_VT.uexp" 218
"../../../Engine/Content/EngineMaterials/BaseFlattenGrayscaleMap_VT.uasset" 219
"../../../Engine/Content/EngineMaterials/BaseFlattenLinearColor_VT.uasset" 220
"../../../Engine/Content/EngineMaterials/BaseFlattenLinearColor_VT.uexp" 221
"../../../Engine/Content/EngineMaterials/Black_1x1_EXR_Texture_VT.uasset" 222
"../../../Engine/Content/EngineMaterials/Black_1x1_EXR_Texture_VT.uexp" 223
"../../../Engine/Content/EngineMaterials/BaseFlattenDiffuseMap_VT.uasset" 224
"../../../Engine/Content/EngineMaterials/BaseFlattenDiffuseMap_VT.uexp" 225
"../../../Engine/Content/EngineMaterials/BaseFlattenNormalMap_VT.uasset" 226
"../../../Engine/Content/EngineMaterials/BaseFlattenNormalMap_VT.uexp" 227
"../../../Engine/Content/EngineMaterials/FlattenMaterial_VT.uasset" 228
"../../../Engine/Content/EngineMaterials/FlattenMaterial_VT.uexp" 229
"../../../Engine/Content/EngineMaterials/DefaultPhysicalMaterial.uasset" 230
"../../../Engine/Content/EngineMaterials/DefaultPhysicalMaterial.uexp" 231
"../../../Engine/Content/EngineMaterials/DefaultDiffuse.ubulk" 232
"../../../Engine/Content/EngineMaterials/DefaultDiffuse.uexp" 233
"../../../Engine/Content/EngineMaterials/DefaultDiffuse.uasset" 234
"../../../Engine/Content/EngineMaterials/DefaultPostProcessMaterial.uexp" 235
"../../../Engine/Content/EngineMaterials/DefaultPostProcessMaterial.uasset" 236
"../../../Engine/Content/EngineMaterials/DefaultDeferredDecalMaterial.uexp" 237
"../../../Engine/Content/EngineMaterials/DefaultDeferredDecalMaterial.uasset" 238
"../../../Engine/Content/EngineMaterials/RemoveSurfaceMaterial.uasset" 239
"../../../Engine/Content/EngineMaterials/RemoveSurfaceMaterial.uexp" 240
"../../../Engine/Content/EngineMaterials/FlattenMaterial_WS_Normal_VT.uexp" 241
"../../../Engine/Content/EngineMaterials/FlattenMaterial_WS_Normal_VT.uasset" 242
"../../../Engine/Content/EngineMaterials/DefaultBloomKernel.uexp" 243
"../../../Engine/Content/EngineMaterials/DefaultBloomKernel.uasset" 244
"../../../Engine/Content/EngineResources/GradientTexture0.uexp" 245
"../../../Engine/Content/EngineResources/GradientTexture0.uasset" 246
"../../../Engine/Content/EngineResources/DefaultVolumeTexture2D.uexp" 247
"../../../Engine/Content/EngineResources/DefaultVolumeTexture2D.uasset" 248
"../../../Engine/Content/EngineResources/DefaultVolumeTexture.uexp" 249
"../../../Engine/Content/EngineResources/DefaultVolumeTexture.uasset" 250
"../../../Engine/Content/EngineResources/Black.uasset" 251
"../../../Engine/Content/EngineResources/Black.uexp" 252
"../../../Engine/Content/EngineResources/DefaultTextureCube.uasset" 253
"../../../Engine/Content/EngineResources/DefaultTextureCube.uexp" 254
"../../../Engine/Content/EngineResources/FilmGrains/Marcie_Grain_v3_128_M2_000.uexp" 255
"../../../Engine/Content/EngineResources/FilmGrains/Marcie_Grain_v3_128_M2_000.uasset" 256
"../../../Engine/Content/EngineMaterials/Widget3DPassThrough_Masked_OneSided.uexp" 257
"../../../Engine/Content/EngineMaterials/Widget3DPassThrough_Masked_OneSided.uasset" 258
"../../../Engine/Content/EngineMaterials/DefaultWhiteGrid_Low.uasset" 259
"../../../Engine/Content/EngineMaterials/DefaultWhiteGrid_Low.uexp" 260
"../../../Engine/Content/EngineMaterials/EmissiveMeshMaterial.uexp" 261
"../../../Engine/Content/EngineMaterials/EmissiveMeshMaterial.uasset" 262
"../../../Engine/Content/EngineMaterials/BlueNoise.uasset" 263
"../../../Engine/Content/EngineMaterials/BlueNoise.uexp" 264
"../../../Engine/Content/EngineMaterials/BaseFlattenNormalMap.uexp" 265
"../../../Engine/Content/EngineMaterials/BaseFlattenNormalMap.uasset" 266
"../../../Engine/Content/EngineMaterials/BaseFlattenGrayscaleMap.uasset" 267
"../../../Engine/Content/EngineMaterials/BaseFlattenGrayscaleMap.uexp" 268
"../../../Engine/Content/EngineMaterials/BaseFlattenDiffuseMap.uasset" 269
"../../../Engine/Content/EngineMaterials/BaseFlattenDiffuseMap.uexp" 270
"../../../Engine/Content/Functions/Engine_MaterialFunctions02/PivotPainter2/Black_1x1_EXR_Texture.uexp" 271
"../../../Engine/Content/Functions/Engine_MaterialFunctions02/PivotPainter2/Black_1x1_EXR_Texture.uasset" 272
"../../../Engine/Content/EngineMaterials/BaseFlattenEmissiveMap.uexp" 273
"../../../Engine/Content/EngineMaterials/BaseFlattenEmissiveMap.uasset" 274
"../../../Engine/Content/EngineMaterials/BaseFlattenLinearColor.uasset" 275
"../../../Engine/Content/EngineMaterials/BaseFlattenLinearColor.uexp" 276
"../../../Engine/Content/EngineMaterials/FlattenMaterial.uasset" 277
"../../../Engine/Content/EngineMaterials/FlattenMaterial.uexp" 278
"../../../Engine/Content/EngineMaterials/GizmoMaterial.uexp" 279
"../../../Engine/Content/EngineMaterials/GizmoMaterial.uasset" 280
"../../../Engine/Content/EngineMaterials/DefaultDestructiblePhysicalMaterial.uasset" 281
"../../../Engine/Content/EngineMaterials/DefaultDestructiblePhysicalMaterial.uexp" 282
"../../../Engine/Content/Functions/Engine_MaterialFunctions02/WorldPositionOffset/CameraOffset.uexp" 283
"../../../Engine/Content/Functions/Engine_MaterialFunctions02/WorldPositionOffset/CameraOffset.uasset" 284
"../../../Engine/Content/EngineMaterials/PhAT_JointLimitMaterial.uasset" 285
"../../../Engine/Content/EngineMaterials/PhAT_JointLimitMaterial.uexp" 286
"../../../Engine/Content/EngineMaterials/DefaultCalibrationColor.uexp" 287
"../../../Engine/Content/EngineMaterials/DefaultCalibrationColor.uasset" 288
"../../../Engine/Content/EngineMaterials/PPM_DefaultCalibrationColor.uasset" 289
"../../../Engine/Content/EngineMaterials/PPM_DefaultCalibrationColor.uexp" 290
"../../../Engine/Content/EngineMaterials/Widget3DPassThrough_Translucent.uasset" 291
"../../../Engine/Content/EngineMaterials/Widget3DPassThrough_Translucent.uexp" 292
"../../../Engine/Content/EngineMaterials/Widget3DPassThrough_Translucent_OneSided.uasset" 293
"../../../Engine/Content/EngineMaterials/Widget3DPassThrough_Translucent_OneSided.uexp" 294
"../../../Engine/Content/EngineMaterials/WeightMapPlaceholderTexture.uasset" 295
"../../../Engine/Content/EngineMaterials/WeightMapPlaceholderTexture.uexp" 296
"../../../Engine/Content/EngineMaterials/Widget3DPassThrough_Masked.uasset" 297
"../../../Engine/Content/EngineMaterials/Widget3DPassThrough_Masked.uexp" 298
"../../../Engine/Content/EngineMaterials/DefaultCalibrationGrayscale.uexp" 299
"../../../Engine/Content/EngineMaterials/DefaultCalibrationGrayscale.uasset" 300
"../../../Engine/Content/EngineMaterials/PPM_DefaultCalibrationGrayscale.uasset" 301
"../../../Engine/Content/EngineMaterials/PPM_DefaultCalibrationGrayscale.uexp" 302
"../../../Engine/Content/EngineSounds/Master.uexp" 303
"../../../Engine/Content/EngineSounds/Master.uasset" 304
"../../../Engine/Content/EngineSky/VolumetricClouds/CloudWeatherTexture.uexp" 305
"../../../Engine/Content/EngineSky/VolumetricClouds/CloudWeatherTexture.uasset" 306
"../../../Engine/Content/Functions/Engine_MaterialFunctions02/Utility/MakeFloat2.uexp" 307
"../../../Engine/Content/Functions/Engine_MaterialFunctions02/Utility/MakeFloat2.uasset" 308
"../../../Engine/Content/EngineSky/VolumetricClouds/CloudGradientTexture.uexp" 309
"../../../Engine/Content/EngineSky/VolumetricClouds/CloudGradientTexture.uasset" 310
"../../../Engine/Content/EngineSky/VolumetricClouds/T_NoiseShape64.ubulk" 311
"../../../Engine/Content/EngineSky/VolumetricClouds/T_NoiseShape64.uexp" 312
"../../../Engine/Content/EngineSky/VolumetricClouds/T_NoiseShape64.uasset" 313
"../../../Engine/Content/EngineSky/VolumetricClouds/T_VolumeNoiseShape64.uasset" 314
"../../../Engine/Content/EngineSky/VolumetricClouds/T_VolumeNoiseShape64.uexp" 315
"../../../Engine/Content/EngineSky/VolumetricClouds/T_NoiseErosion.ubulk" 316
"../../../Engine/Content/EngineSky/VolumetricClouds/T_NoiseErosion.uexp" 317
"../../../Engine/Content/EngineSky/VolumetricClouds/T_NoiseErosion.uasset" 318
"../../../Engine/Content/EngineSky/VolumetricClouds/T_VolumeNoiseErosion32.uasset" 319
"../../../Engine/Content/EngineSky/VolumetricClouds/T_VolumeNoiseErosion32.uexp" 320
"../../../Engine/Content/EngineSky/VolumetricClouds/m_SimpleVolumetricCloud.uasset" 321
"../../../Engine/Content/EngineSky/VolumetricClouds/m_SimpleVolumetricCloud.uexp" 322
"../../../Engine/Content/EngineSky/VolumetricClouds/m_SimpleVolumetricCloud_Inst.uexp" 323
"../../../Engine/Content/EngineSky/VolumetricClouds/m_SimpleVolumetricCloud_Inst.uasset" 324
"../../../Engine/Content/Functions/Engine_MaterialFunctions01/Shading/PowerToRoughness.uexp" 325
"../../../Engine/Content/Functions/Engine_MaterialFunctions01/Shading/PowerToRoughness.uasset" 326
"../../../Engine/Content/Functions/Engine_MaterialFunctions01/Shading/ConvertFromDiffSpec.uexp" 327
"../../../Engine/Content/Functions/Engine_MaterialFunctions01/Shading/ConvertFromDiffSpec.uasset" 328
"../../../Engine/Content/Tutorial/ContentIntroCurve.uasset" 329
"../../../Engine/Content/Tutorial/ContentIntroCurve.uexp" 330
"../../../Engine/Content/VREditor/LaserPointer/VR_LaserPower_01.uexp" 331
"../../../Engine/Content/VREditor/LaserPointer/VR_LaserPower_01.ubulk" 332
"../../../Engine/Content/VREditor/LaserPointer/VR_LaserPower_01.uasset" 333
"../../../Engine/Content/VREditor/TransformGizmo/TransformGizmoMaterial.uasset" 334
"../../../Engine/Content/VREditor/TransformGizmo/TransformGizmoMaterial.uexp" 335
"../../../Engine/Content/VREditor/TransformGizmo/TranslucentTransformGizmoMaterial.uasset" 336
"../../../Engine/Content/VREditor/TransformGizmo/TranslucentTransformGizmoMaterial.uexp" 337
"../../../Engine/Content/VREditor/TransformGizmo/BoundingBoxEdge.uexp" 338
"../../../Engine/Content/VREditor/TransformGizmo/BoundingBoxEdge.uasset" 339
"../../../Engine/Content/VREditor/TransformGizmo/Main.uasset" 340
"../../../Engine/Content/VREditor/TransformGizmo/Main.uexp" 341
"../../../Engine/Content/VREditor/TransformGizmo/Xray.uexp" 342
"../../../Engine/Content/VREditor/TransformGizmo/Xray.uasset" 343
"../../../Engine/Content/VREditor/TransformGizmo/SM_Sequencer_Node.uexp" 344
"../../../Engine/Content/VREditor/TransformGizmo/SM_Sequencer_Node.uasset" 345
"../../../Engine/Content/VREditor/TransformGizmo/BoundingBoxCorner.uasset" 346
"../../../Engine/Content/VREditor/TransformGizmo/BoundingBoxCorner.uexp" 347
"../../../Engine/Content/VREditor/TransformGizmo/PlaneTranslationHandle.uasset" 348
"../../../Engine/Content/VREditor/TransformGizmo/PlaneTranslationHandle.uexp" 349
"../../../Engine/Plugins/Animation/ControlRig/Content/M_Manip.uasset" 350
"../../../Engine/Plugins/Animation/ControlRig/Content/M_Manip.uexp" 351
"../../../Engine/Plugins/Animation/ControlRig/Content/Controls/ControlRig_Octagon_solid.uexp" 352
"../../../Engine/Plugins/Animation/ControlRig/Content/Controls/ControlRig_Octagon_solid.uasset" 353
"../../../Engine/Plugins/Animation/ControlRig/Content/Controls/ControlRig_Pyramid_solid.uexp" 354
"../../../Engine/Plugins/Animation/ControlRig/Content/Controls/ControlRig_Pyramid_solid.uasset" 355
"../../../Engine/Plugins/Animation/ControlRig/Content/Controls/ControlRig_Wedge_solid.uexp" 356
"../../../Engine/Plugins/Animation/ControlRig/Content/Controls/ControlRig_Wedge_solid.uasset" 357
"../../../Engine/Plugins/Animation/ControlRig/Content/Controls/ControlRig_RoundedSquare_1mm.uexp" 358
"../../../Engine/Plugins/Animation/ControlRig/Content/Controls/ControlRig_RoundedSquare_1mm.uasset" 359
"../../../Engine/Plugins/Animation/ControlRig/Content/Controls/ControlRig_Star4_1mm.uexp" 360
"../../../Engine/Plugins/Animation/ControlRig/Content/Controls/ControlRig_Star4_1mm.uasset" 361
"../../../Engine/Plugins/Animation/ControlRig/Content/Controls/ControlRig_Hexagon_solid.uexp" 362
"../../../Engine/Plugins/Animation/ControlRig/Content/Controls/ControlRig_Hexagon_solid.uasset" 363
"../../../Engine/Plugins/Animation/ControlRig/Content/Controls/ControlRig_Arrow_solid.uexp" 364
"../../../Engine/Plugins/Animation/ControlRig/Content/Controls/ControlRig_Arrow_solid.uasset" 365
"../../../Engine/Plugins/Animation/ControlRig/Content/Controls/ControlRig_Triangle_3mm.uexp" 366
"../../../Engine/Plugins/Animation/ControlRig/Content/Controls/ControlRig_Triangle_3mm.uasset" 367
"../../../Engine/Plugins/Animation/ControlRig/Content/Controls/ControlRig_Box_solid.uasset" 368
"../../../Engine/Plugins/Animation/ControlRig/Content/Controls/ControlRig_Box_solid.uexp" 369
"../../../Engine/Plugins/Animation/ControlRig/Content/Controls/ControlRig_Wedge_3mm.uasset" 370
"../../../Engine/Plugins/Animation/ControlRig/Content/Controls/ControlRig_Wedge_3mm.uexp" 371
"../../../Engine/Plugins/Animation/ControlRig/Content/Controls/ControlRig_HalfCircle_1mm.uexp" 372
"../../../Engine/Plugins/Animation/ControlRig/Content/Controls/ControlRig_HalfCircle_1mm.uasset" 373
"../../../Engine/Plugins/Animation/ControlRig/Content/Controls/ControlRig_HalfCircle_solid.uexp" 374
"../../../Engine/Plugins/Animation/ControlRig/Content/Controls/ControlRig_HalfCircle_solid.uasset" 375
"../../../Engine/Plugins/Animation/ControlRig/Content/Controls/ControlRig_Arrow2_1mm.uexp" 376
"../../../Engine/Plugins/Animation/ControlRig/Content/Controls/ControlRig_Arrow2_1mm.uasset" 377
"../../../Engine/Plugins/Animation/ControlRig/Content/Controls/ControlRig_Octagon_3mm.uexp" 378
"../../../Engine/Plugins/Animation/ControlRig/Content/Controls/ControlRig_Octagon_3mm.uasset" 379
"../../../Engine/Plugins/Animation/ControlRig/Content/Controls/ControlRig_Box_3mm.uexp" 380
"../../../Engine/Plugins/Animation/ControlRig/Content/Controls/ControlRig_Box_3mm.uasset" 381
"../../../Engine/Plugins/Animation/ControlRig/Content/Controls/ControlRig_Sphere_1mm.uexp" 382
"../../../Engine/Plugins/Animation/ControlRig/Content/Controls/ControlRig_Sphere_1mm.uasset" 383
"../../../Engine/Plugins/Animation/ControlRig/Content/Controls/ControlRig_Pyramid_3mm.uasset" 384
"../../../Engine/Plugins/Animation/ControlRig/Content/Controls/ControlRig_Pyramid_3mm.uexp" 385
"../../../Engine/Plugins/Animation/ControlRig/Content/Controls/ControlRig_QuarterCircle_3mm.uexp" 386
"../../../Engine/Plugins/Animation/ControlRig/Content/Controls/ControlRig_QuarterCircle_3mm.uasset" 387
"../../../Engine/Plugins/Animation/ControlRig/Content/Controls/ControlRig_Circle_1mm.uexp" 388
"../../../Engine/Plugins/Animation/ControlRig/Content/Controls/ControlRig_Circle_1mm.uasset" 389
"../../../Engine/Plugins/Animation/ControlRig/Content/Controls/ControlRig_RoundedTriangle_3mm.uexp" 390
"../../../Engine/Plugins/Animation/ControlRig/Content/Controls/ControlRig_RoundedTriangle_3mm.uasset" 391
"../../../Engine/Plugins/Animation/ControlRig/Content/Controls/ControlRig_Triangle_solid.uasset" 392
"../../../Engine/Plugins/Animation/ControlRig/Content/Controls/ControlRig_Triangle_solid.uexp" 393
"../../../Engine/Plugins/Animation/ControlRig/Content/Controls/ControlRig_Diamond_1mm.uexp" 394
"../../../Engine/Plugins/Animation/ControlRig/Content/Controls/ControlRig_Diamond_1mm.uasset" 395
"../../../Engine/Plugins/Animation/ControlRig/Content/Controls/ControlRig_Arrow2_solid.uexp" 396
"../../../Engine/Plugins/Animation/ControlRig/Content/Controls/ControlRig_Arrow2_solid.uasset" 397
"../../../Engine/Plugins/Animation/ControlRig/Content/Controls/ControlRig_Arrow4_3mm.uasset" 398
"../../../Engine/Plugins/Animation/ControlRig/Content/Controls/ControlRig_Arrow4_3mm.uexp" 399
"../../../Engine/Plugins/Animation/ControlRig/Content/Controls/ControlRig_Hexagon_1mm.uexp" 400
"../../../Engine/Plugins/Animation/ControlRig/Content/Controls/ControlRig_Hexagon_1mm.uasset" 401
"../../../Engine/Plugins/Animation/ControlRig/Content/Controls/ControlRig_QuarterCircle_solid.uasset" 402
"../../../Engine/Plugins/Animation/ControlRig/Content/Controls/ControlRig_QuarterCircle_solid.uexp" 403
"../../../Engine/Plugins/Animation/ControlRig/Content/Controls/ControlRig_Arrow_1mm.uexp" 404
"../../../Engine/Plugins/Animation/ControlRig/Content/Controls/ControlRig_Arrow_1mm.uasset" 405
"../../../Engine/Plugins/Animation/ControlRig/Content/Controls/ControlRig_Square_1mm.uexp" 406
"../../../Engine/Plugins/Animation/ControlRig/Content/Controls/ControlRig_Square_1mm.uasset" 407
"../../../Engine/Plugins/Animation/ControlRig/Content/Controls/ControlRig_Circle_solid.uexp" 408
"../../../Engine/Plugins/Animation/ControlRig/Content/Controls/ControlRig_Circle_solid.uasset" 409
"../../../Engine/Plugins/Animation/ControlRig/Content/Controls/ControlRig_Arrow4_solid.uasset" 410
"../../../Engine/Plugins/Animation/ControlRig/Content/Controls/ControlRig_Arrow4_solid.uexp" 411
"../../../Engine/Plugins/Animation/ControlRig/Content/Controls/ControlRig_RoundedSquare_solid.uexp" 412
"../../../Engine/Plugins/Animation/ControlRig/Content/Controls/ControlRig_RoundedSquare_solid.uasset" 413
"../../../Engine/Plugins/Animation/ControlRig/Content/Controls/ControlRig_Star4_solid.uexp" 414
"../../../Engine/Plugins/Animation/ControlRig/Content/Controls/ControlRig_Star4_solid.uasset" 415
"../../../Engine/Plugins/Animation/ControlRig/Content/Controls/ControlRig_Diamond_solid.uexp" 416
"../../../Engine/Plugins/Animation/ControlRig/Content/Controls/ControlRig_Diamond_solid.uasset" 417
"../../../Engine/Plugins/Animation/ControlRig/Content/Controls/ControlRig_Arrow2_3mm.uasset" 418
"../../../Engine/Plugins/Animation/ControlRig/Content/Controls/ControlRig_Arrow2_3mm.uexp" 419
"../../../Engine/Plugins/Animation/ControlRig/Content/Controls/ControlRig_Box_1mm.uexp" 420
"../../../Engine/Plugins/Animation/ControlRig/Content/Controls/ControlRig_Box_1mm.uasset" 421
"../../../Engine/Plugins/Animation/ControlRig/Content/Controls/ControlRig_Octagon_1mm.uasset" 422
"../../../Engine/Plugins/Animation/ControlRig/Content/Controls/ControlRig_Octagon_1mm.uexp" 423
"../../../Engine/Plugins/Animation/ControlRig/Content/Controls/ControlRig_Sphere_3mm.uexp" 424
"../../../Engine/Plugins/Animation/ControlRig/Content/Controls/ControlRig_Sphere_3mm.uasset" 425
"../../../Engine/Plugins/Animation/ControlRig/Content/Controls/ControlRig_Triangle_1mm.uexp" 426
"../../../Engine/Plugins/Animation/ControlRig/Content/Controls/ControlRig_Triangle_1mm.uasset" 427
"../../../Engine/Plugins/Animation/ControlRig/Content/Controls/ControlRig_RoundedTriangle_solid.uasset" 428
"../../../Engine/Plugins/Animation/ControlRig/Content/Controls/ControlRig_RoundedTriangle_solid.uexp" 429
"../../../Engine/Plugins/Animation/ControlRig/Content/Controls/ControlRig_HalfCircle_3mm.uexp" 430
"../../../Engine/Plugins/Animation/ControlRig/Content/Controls/ControlRig_HalfCircle_3mm.uasset" 431
"../../../Engine/Plugins/Animation/ControlRig/Content/Controls/ControlRig_Wedge_1mm.uasset" 432
"../../../Engine/Plugins/Animation/ControlRig/Content/Controls/ControlRig_Wedge_1mm.uexp" 433
"../../../Engine/Plugins/Animation/ControlRig/Content/Controls/DefaultGizmoLibraryNormalized.uexp" 434
"../../../Engine/Plugins/Animation/ControlRig/Content/Controls/DefaultGizmoLibraryNormalized.uasset" 435
"../../../Engine/Plugins/Animation/ControlRig/Content/Controls/ControlRig_RoundedSquare_3mm.uasset" 436
"../../../Engine/Plugins/Animation/ControlRig/Content/Controls/ControlRig_RoundedSquare_3mm.uexp" 437
"../../../Engine/Plugins/Animation/ControlRig/Content/Controls/ControlRig_Star4_3mm.uexp" 438
"../../../Engine/Plugins/Animation/ControlRig/Content/Controls/ControlRig_Star4_3mm.uasset" 439
"../../../Engine/Plugins/Animation/ControlRig/Content/Controls/ControlRig_Square_3mm.uexp" 440
"../../../Engine/Plugins/Animation/ControlRig/Content/Controls/ControlRig_Square_3mm.uasset" 441
"../../../Engine/Plugins/Animation/ControlRig/Content/Controls/ControlRig_Sphere_solid.uasset" 442
"../../../Engine/Plugins/Animation/ControlRig/Content/Controls/ControlRig_Sphere_solid.uexp" 443
"../../../Engine/Plugins/Animation/ControlRig/Content/Controls/ControlRig_Hexagon_3mm.uasset" 444
"../../../Engine/Plugins/Animation/ControlRig/Content/Controls/ControlRig_Hexagon_3mm.uexp" 445
"../../../Engine/Plugins/Animation/ControlRig/Content/Controls/ControlRig_Arrow_3mm.uasset" 446
"../../../Engine/Plugins/Animation/ControlRig/Content/Controls/ControlRig_Arrow_3mm.uexp" 447
"../../../Engine/Plugins/Animation/ControlRig/Content/Controls/ControlRig_Diamond_3mm.uasset" 448
"../../../Engine/Plugins/Animation/ControlRig/Content/Controls/ControlRig_Diamond_3mm.uexp" 449
"../../../Engine/Plugins/Animation/ControlRig/Content/Controls/ControlRig_Square_solid.uasset" 450
"../../../Engine/Plugins/Animation/ControlRig/Content/Controls/ControlRig_Square_solid.uexp" 451
"../../../Engine/Plugins/Animation/ControlRig/Content/Controls/ControlRig_Arrow4_1mm.uasset" 452
"../../../Engine/Plugins/Animation/ControlRig/Content/Controls/ControlRig_Arrow4_1mm.uexp" 453
"../../../Engine/Plugins/Animation/ControlRig/Content/Controls/ControlRig_Pyramid_1mm.uasset" 454
"../../../Engine/Plugins/Animation/ControlRig/Content/Controls/ControlRig_Pyramid_1mm.uexp" 455
"../../../Engine/Plugins/Animation/ControlRig/Content/Controls/ControlRig_QuarterCircle_1mm.uasset" 456
"../../../Engine/Plugins/Animation/ControlRig/Content/Controls/ControlRig_QuarterCircle_1mm.uexp" 457
"../../../Engine/Plugins/Animation/ControlRig/Content/Controls/ControlRig_Circle_3mm.uasset" 458
"../../../Engine/Plugins/Animation/ControlRig/Content/Controls/ControlRig_Circle_3mm.uexp" 459
"../../../Engine/Plugins/Animation/ControlRig/Content/Controls/ControlRig_RoundedTriangle_1mm.uasset" 460
"../../../Engine/Plugins/Animation/ControlRig/Content/Controls/ControlRig_RoundedTriangle_1mm.uexp" 461
"../../../Engine/Plugins/Animation/ControlRig/Content/Controls/ControlRigGizmoMaterial.uasset" 462
"../../../Engine/Plugins/Animation/ControlRig/Content/Controls/ControlRigGizmoMaterial.uexp" 463
"../../../Engine/Plugins/2D/Paper2D/Content/PlaceholderTextures/DummySpriteTexture.ubulk" 464
"../../../Engine/Plugins/2D/Paper2D/Content/PlaceholderTextures/DummySpriteTexture.uexp" 465
"../../../Engine/Plugins/2D/Paper2D/Content/PlaceholderTextures/DummySpriteTexture.uasset" 466
"../../../Engine/Plugins/2D/Paper2D/Content/DefaultSpriteMaterial.uexp" 467
"../../../Engine/Plugins/2D/Paper2D/Content/DefaultSpriteMaterial.uasset" 468
"../../../Engine/Plugins/2D/Paper2D/Content/MaskedUnlitSpriteMaterial.uexp" 469
"../../../Engine/Plugins/2D/Paper2D/Content/MaskedUnlitSpriteMaterial.uasset" 470
"../../../Engine/Plugins/2D/Paper2D/Content/DummySprite.uasset" 471
"../../../Engine/Plugins/2D/Paper2D/Content/DummySprite.uexp" 472
"../../../Engine/Plugins/2D/Paper2D/Content/DefaultPaperTerrainMaterial.uexp" 473
"../../../Engine/Plugins/2D/Paper2D/Content/DefaultPaperTerrainMaterial.uasset" 474
"../../../Engine/Plugins/2D/Paper2D/Content/OpaqueUnlitSpriteMaterial.uasset" 475
"../../../Engine/Plugins/2D/Paper2D/Content/OpaqueUnlitSpriteMaterial.uexp" 476
"../../../Engine/Plugins/Editor/SpeedTreeImporter/Content/SpeedTree9/game_wind_noise.uexp" 477
"../../../Engine/Plugins/Editor/SpeedTreeImporter/Content/SpeedTree9/game_wind_noise.uasset" 478
"../../../Engine/Plugins/Editor/SpeedTreeImporter/Content/SpeedTree9/game_wind_noise.ubulk" 479
"../../../Engine/Plugins/Editor/SpeedTreeImporter/Content/SpeedTree9/UnpackDirection.uexp" 480
"../../../Engine/Plugins/Editor/SpeedTreeImporter/Content/SpeedTree9/UnpackDirection.uasset" 481
"../../../Engine/Content/Functions/Engine_MaterialFunctions02/ObjectLocalBounds.uasset" 482
"../../../Engine/Content/Functions/Engine_MaterialFunctions02/ObjectLocalBounds.uexp" 483
"../../../Engine/Content/Functions/Engine_MaterialFunctions02/UVs/BoundingBoxBased_0-1_UVW.uexp" 484
"../../../Engine/Content/Functions/Engine_MaterialFunctions02/UVs/BoundingBoxBased_0-1_UVW.uasset" 485
"../../../Engine/Plugins/Editor/SpeedTreeImporter/Content/SpeedTree9/UnpackInteger3.uexp" 486
"../../../Engine/Plugins/Editor/SpeedTreeImporter/Content/SpeedTree9/UnpackInteger3.uasset" 487
"../../../Engine/Plugins/Editor/SpeedTreeImporter/Content/SpeedTree9/SpeedTreeCameraFacing.uasset" 488
"../../../Engine/Plugins/Editor/SpeedTreeImporter/Content/SpeedTree9/SpeedTreeCameraFacing.uexp" 489
"../../../Engine/Content/Functions/Engine_MaterialFunctions02/WorldPositionOffset/ObjectScale.uexp" 490
"../../../Engine/Content/Functions/Engine_MaterialFunctions02/WorldPositionOffset/ObjectScale.uasset" 491
"../../../Engine/Content/Functions/Engine_MaterialFunctions02/SafeNormalize.uasset" 492
"../../../Engine/Content/Functions/Engine_MaterialFunctions02/SafeNormalize.uexp" 493
"../../../Engine/Plugins/Editor/SpeedTreeImporter/Content/SpeedTree9/SpeedTreeWindMotion.uexp" 494
"../../../Engine/Plugins/Editor/SpeedTreeImporter/Content/SpeedTree9/SpeedTreeWindMotion.uasset" 495
"../../../Engine/Plugins/Editor/SpeedTreeImporter/Content/SpeedTree9/SpeedTreeBranchMotion.uexp" 496
"../../../Engine/Plugins/Editor/SpeedTreeImporter/Content/SpeedTree9/SpeedTreeBranchMotion.uasset" 497
"../../../Engine/Plugins/Editor/SpeedTreeImporter/Content/SpeedTree9/SpeedTreeWind.uasset" 498
"../../../Engine/Plugins/Editor/SpeedTreeImporter/Content/SpeedTree9/SpeedTreeWind.uexp" 499
"../../../Engine/Plugins/Editor/SpeedTreeImporter/Content/SpeedTree9/EmptyNormal.uasset" 500
"../../../Engine/Plugins/Editor/SpeedTreeImporter/Content/SpeedTree9/EmptyNormal.uexp" 501
"../../../Engine/Plugins/Editor/SpeedTreeImporter/Content/SpeedTree9/Empty.uasset" 502
"../../../Engine/Plugins/Editor/SpeedTreeImporter/Content/SpeedTree9/Empty.uexp" 503
"../../../Engine/Plugins/Editor/SpeedTreeImporter/Content/SpeedTree9/SpeedTreeMaster.uexp" 504
"../../../Engine/Plugins/Editor/SpeedTreeImporter/Content/SpeedTree9/SpeedTreeMaster.uasset" 505
"../../../Engine/Plugins/Editor/SpeedTreeImporter/Content/SpeedTree9/SpeedTreeBillboard.uexp" 506
"../../../Engine/Plugins/Editor/SpeedTreeImporter/Content/SpeedTree9/SpeedTreeBillboard.uasset" 507
"../../../Engine/Plugins/Editor/SpeedTreeImporter/Content/SpeedTree9/SpeedTreeBillboardMaster.uasset" 508
"../../../Engine/Plugins/Editor/SpeedTreeImporter/Content/SpeedTree9/SpeedTreeBillboardMaster.uexp" 509
"../../../Engine/Plugins/Runtime/AR/ARUtilities/Content/Materials/DummyExternalTexture.uexp" 510
"../../../Engine/Plugins/Runtime/AR/ARUtilities/Content/Materials/DummyExternalTexture.uasset" 511
"../../../Engine/Content/EngineResources/DefaultTexture.uasset" 512
"../../../Engine/Content/EngineResources/DefaultTexture.uexp" 513
"../../../Engine/Content/EngineResources/DefaultTexture.ubulk" 514
"../../../Engine/Plugins/Runtime/AR/Google/GoogleARCore/Content/M_SceneDepthOcclusion.uasset" 515
"../../../Engine/Plugins/Runtime/AR/Google/GoogleARCore/Content/M_SceneDepthOcclusion.uexp" 516
"../../../Engine/Plugins/Runtime/AR/ARUtilities/Content/Materials/MF_DistanceColorLerp.uexp" 517
"../../../Engine/Plugins/Runtime/AR/ARUtilities/Content/Materials/MF_DistanceColorLerp.uasset" 518
"../../../Engine/Plugins/Runtime/AR/ARUtilities/Content/Materials/M_DepthColoration.uexp" 519
"../../../Engine/Plugins/Runtime/AR/ARUtilities/Content/Materials/M_DepthColoration.uasset" 520
"../../../Engine/Plugins/Runtime/AR/ARUtilities/Content/Materials/M_PassthroughCamera.uasset" 521
"../../../Engine/Plugins/Runtime/AR/ARUtilities/Content/Materials/M_PassthroughCamera.uexp" 522
"../../../Engine/Plugins/Runtime/AR/ARUtilities/Content/Materials/MI_PassthroughCameraExternalTexture.uexp" 523
"../../../Engine/Plugins/Runtime/AR/ARUtilities/Content/Materials/MI_PassthroughCameraExternalTexture.uasset" 524
"../../../Engine/Plugins/Runtime/AR/ARUtilities/Content/Materials/M_ScreenSpacePassthroughCamera.uexp" 525
"../../../Engine/Plugins/Runtime/AR/ARUtilities/Content/Materials/M_ScreenSpacePassthroughCamera.uasset" 526
"../../../Engine/Plugins/Runtime/AR/ARUtilities/Content/Materials/MI_ScreenSpacePassthroughCameraExternalTexture.uasset" 527
"../../../Engine/Plugins/Runtime/AR/ARUtilities/Content/Materials/MI_ScreenSpacePassthroughCameraExternalTexture.uexp" 528
"../../../Engine/Plugins/Runtime/HairStrands/Content/Materials/HairCardsDefaultMaterial.uexp" 529
"../../../Engine/Plugins/Runtime/HairStrands/Content/Materials/HairCardsDefaultMaterial.uasset" 530
"../../../Engine/Plugins/Runtime/HairStrands/Content/Materials/HairGroupColors.uexp" 531
"../../../Engine/Plugins/Runtime/HairStrands/Content/Materials/HairGroupColors.uasset" 532
"../../../Engine/Content/EngineMaterials/HairColorMap.uasset" 533
"../../../Engine/Content/EngineMaterials/HairColorMap.uexp" 534
"../../../Engine/Content/EngineMaterials/HairDebugColor.uexp" 535
"../../../Engine/Content/EngineMaterials/HairDebugColor.uasset" 536
"../../../Engine/Plugins/Runtime/HairStrands/Content/Materials/HairDebugMaterial.uexp" 537
"../../../Engine/Plugins/Runtime/HairStrands/Content/Materials/HairDebugMaterial.uasset" 538
"../../../Engine/Plugins/Runtime/HairStrands/Content/Materials/HairDefaultMaterial.uasset" 539
"../../../Engine/Plugins/Runtime/HairStrands/Content/Materials/HairDefaultMaterial.uexp" 540
"../../../Engine/Plugins/Runtime/HairStrands/Content/Materials/HairMeshesDefaultMaterial.uasset" 541
"../../../Engine/Plugins/Runtime/HairStrands/Content/Materials/HairMeshesDefaultMaterial.uexp" 542
"/Users/ara12405/Documents/Unreal Projects/sample_project/Content/AR/boat.uasset" 543
"/Users/ara12405/Documents/Unreal Projects/sample_project/Content/AR/boat.uexp" 544
"/Users/ara12405/Documents/Unreal Projects/sample_project/Content/AR/boat_Mat.uexp" 545
"/Users/ara12405/Documents/Unreal Projects/sample_project/Content/AR/boat_Mat.uasset" 546
"../../../Engine/Content/EditorMeshes/EditorPlane.uasset" 547
"../../../Engine/Content/EditorMeshes/EditorPlane.uexp" 548
"/Users/ara12405/Documents/Unreal Projects/sample_project/Content/AR/Blueprints/BoatAnimation.uasset" 549
"/Users/ara12405/Documents/Unreal Projects/sample_project/Content/AR/Blueprints/BoatAnimation.uexp" 550
"../../../Engine/Content/VREditor/Sounds/VR_click3.uexp" 551
"../../../Engine/Content/VREditor/Sounds/VR_click3.uasset" 552
"../../../Engine/Content/VREditor/Sounds/VR_click3.ubulk" 553
"/Users/ara12405/Documents/Unreal Projects/sample_project/Content/AR/Pin.uasset" 554
"/Users/ara12405/Documents/Unreal Projects/sample_project/Content/AR/Pin.uexp" 555
"/Users/ara12405/Documents/Unreal Projects/sample_project/Content/AR/Blueprints/ARCoreTrackedImage.uexp" 556
"/Users/ara12405/Documents/Unreal Projects/sample_project/Content/AR/Blueprints/ARCoreTrackedImage.uasset" 557
"/Users/ara12405/Documents/Unreal Projects/sample_project/Content/AR/Blueprints/ARCoreConfig.uexp" 558
"/Users/ara12405/Documents/Unreal Projects/sample_project/Content/AR/Blueprints/ARCoreConfig.uasset" 559
"../../../Engine/Content/EditorBlueprintResources/StandardMacros.uasset" 560
"../../../Engine/Content/EditorBlueprintResources/StandardMacros.uexp" 561
"/Users/ara12405/Documents/Unreal Projects/sample_project/Content/AR/Blueprints/ARPawnArcGIS.uasset" 562
"/Users/ara12405/Documents/Unreal Projects/sample_project/Content/AR/Blueprints/ARPawnArcGIS.uexp" 563
"../../../Engine/Content/BasicShapes/BasicShapeMaterial.uexp" 564
"../../../Engine/Content/BasicShapes/BasicShapeMaterial.uasset" 565
"../../../Engine/Content/BasicShapes/Cone.uexp" 566
"../../../Engine/Content/BasicShapes/Cone.uasset" 567
"/Users/ara12405/Documents/Unreal Projects/sample_project/Content/AR/ARMapTest.umap" 568
"/Users/ara12405/Documents/Unreal Projects/sample_project/Content/AR/ARMapTest.uexp" 569
"../../../Engine/Content/Maps/Entry_BuiltData.uexp" 570
"../../../Engine/Content/Maps/Entry_BuiltData.uasset" 571
"../../../Engine/Content/Maps/Entry.umap" 572
"../../../Engine/Content/Maps/Entry.uexp" 573
